Determining if the pthread_create exist failed with the following output:
Change Dir: /home/ridder90/cupla/example/CUDASamples/vectorAdd/build/CMakeFiles/CMakeTmp

Run Build Command:"/usr/bin/make" "cmTC_929ac/fast"
/usr/bin/make -f CMakeFiles/cmTC_929ac.dir/build.make CMakeFiles/cmTC_929ac.dir/build
make[1]: Verzeichnis »/data/home/ridder90/cupla/example/CUDASamples/vectorAdd/build/CMakeFiles/CMakeTmp« wird betreten
Building C object CMakeFiles/cmTC_929ac.dir/CheckSymbolExists.c.o
/opt/pkg/compiler/gnu/gcc/4.9.2/bin/gcc-4.9.2   -fPIC    -o CMakeFiles/cmTC_929ac.dir/CheckSymbolExists.c.o   -c /home/ridder90/cupla/example/CUDASamples/vectorAdd/build/CMakeFiles/CMakeTmp/CheckSymbolExists.c
Linking C executable cmTC_929ac
/opt/pkg/devel/cmake/3.3.0/bin/cmake -E cmake_link_script CMakeFiles/cmTC_929ac.dir/link.txt --verbose=1
/opt/pkg/compiler/gnu/gcc/4.9.2/bin/gcc-4.9.2  -fPIC     CMakeFiles/cmTC_929ac.dir/CheckSymbolExists.c.o  -o cmTC_929ac -rdynamic 
CMakeFiles/cmTC_929ac.dir/CheckSymbolExists.c.o: In Funktion `main':
CheckSymbolExists.c:(.text+0x1b): Nicht definierter Verweis auf `pthread_create'
collect2: Fehler: ld gab 1 als Ende-Status zurück
make[1]: *** [cmTC_929ac] Fehler 1
make[1]: Verzeichnis »/data/home/ridder90/cupla/example/CUDASamples/vectorAdd/build/CMakeFiles/CMakeTmp« wird verlassen
make: *** [cmTC_929ac/fast] Fehler 2

File /home/ridder90/cupla/example/CUDASamples/vectorAdd/build/CMakeFiles/CMakeTmp/CheckSymbolExists.c:
/* */
#include <pthread.h>

int main(int argc, char** argv)
{
  (void)argv;
#ifndef pthread_create
  return ((int*)(&pthread_create))[argc];
#else
  (void)argc;
  return 0;
#endif
}

Determining if the function pthread_create exists in the pthreads failed with the following output:
Change Dir: /home/ridder90/cupla/example/CUDASamples/vectorAdd/build/CMakeFiles/CMakeTmp

Run Build Command:"/usr/bin/make" "cmTC_c92c9/fast"
/usr/bin/make -f CMakeFiles/cmTC_c92c9.dir/build.make CMakeFiles/cmTC_c92c9.dir/build
make[1]: Verzeichnis »/data/home/ridder90/cupla/example/CUDASamples/vectorAdd/build/CMakeFiles/CMakeTmp« wird betreten
Building C object CMakeFiles/cmTC_c92c9.dir/CheckFunctionExists.c.o
/opt/pkg/compiler/gnu/gcc/4.9.2/bin/gcc-4.9.2   -fPIC -DCHECK_FUNCTION_EXISTS=pthread_create   -o CMakeFiles/cmTC_c92c9.dir/CheckFunctionExists.c.o   -c /opt/pkg/devel/cmake/3.3.0/share/cmake-3.3/Modules/CheckFunctionExists.c
Linking C executable cmTC_c92c9
/opt/pkg/devel/cmake/3.3.0/bin/cmake -E cmake_link_script CMakeFiles/cmTC_c92c9.dir/link.txt --verbose=1
/opt/pkg/compiler/gnu/gcc/4.9.2/bin/gcc-4.9.2  -fPIC -DCHECK_FUNCTION_EXISTS=pthread_create    CMakeFiles/cmTC_c92c9.dir/CheckFunctionExists.c.o  -o cmTC_c92c9 -rdynamic -lpthreads 
/usr/bin/ld: cannot find -lpthreads
collect2: Fehler: ld gab 1 als Ende-Status zurück
make[1]: *** [cmTC_c92c9] Fehler 1
make[1]: Verzeichnis »/data/home/ridder90/cupla/example/CUDASamples/vectorAdd/build/CMakeFiles/CMakeTmp« wird verlassen
make: *** [cmTC_c92c9/fast] Fehler 2


