The system is: Linux - 3.2.64 - x86_64
Compiling the C compiler identification source file "CMakeCCompilerId.c" succeeded.
Compiler: /opt/pkg/compiler/gnu/gcc/4.9.2/bin/gcc-4.9.2 
Build flags: 
Id flags: 

The output was:
0


Compilation of the C compiler identification source "CMakeCCompilerId.c" produced "a.out"

The C compiler identification is GNU, found in "/home/ridder90/cupla/example/CUDASamples/vectorAdd/build/CMakeFiles/3.3.0/CompilerIdC/a.out"

Compiling the CXX compiler identification source file "CMakeCXXCompilerId.cpp" succeeded.
Compiler: /opt/pkg/compiler/gnu/gcc/4.9.2/bin/g++-4.9.2 
Build flags: -g0;-O3;-m64
Id flags: 

The output was:
0


Compilation of the CXX compiler identification source "CMakeCXXCompilerId.cpp" produced "a.out"

The CXX compiler identification is GNU, found in "/home/ridder90/cupla/example/CUDASamples/vectorAdd/build/CMakeFiles/3.3.0/CompilerIdCXX/a.out"

Determining if the C compiler works passed with the following output:
Change Dir: /home/ridder90/cupla/example/CUDASamples/vectorAdd/build/CMakeFiles/CMakeTmp

Run Build Command:"/usr/bin/make" "cmTC_4e78b/fast"
/usr/bin/make -f CMakeFiles/cmTC_4e78b.dir/build.make CMakeFiles/cmTC_4e78b.dir/build
make[1]: Verzeichnis »/data/home/ridder90/cupla/example/CUDASamples/vectorAdd/build/CMakeFiles/CMakeTmp« wird betreten
Building C object CMakeFiles/cmTC_4e78b.dir/testCCompiler.c.o
/opt/pkg/compiler/gnu/gcc/4.9.2/bin/gcc-4.9.2    -o CMakeFiles/cmTC_4e78b.dir/testCCompiler.c.o   -c /home/ridder90/cupla/example/CUDASamples/vectorAdd/build/CMakeFiles/CMakeTmp/testCCompiler.c
Linking C executable cmTC_4e78b
/opt/pkg/devel/cmake/3.3.0/bin/cmake -E cmake_link_script CMakeFiles/cmTC_4e78b.dir/link.txt --verbose=1
/opt/pkg/compiler/gnu/gcc/4.9.2/bin/gcc-4.9.2       CMakeFiles/cmTC_4e78b.dir/testCCompiler.c.o  -o cmTC_4e78b -rdynamic 
make[1]: Verzeichnis »/data/home/ridder90/cupla/example/CUDASamples/vectorAdd/build/CMakeFiles/CMakeTmp« wird verlassen


Detecting C compiler ABI info compiled with the following output:
Change Dir: /home/ridder90/cupla/example/CUDASamples/vectorAdd/build/CMakeFiles/CMakeTmp

Run Build Command:"/usr/bin/make" "cmTC_04a86/fast"
/usr/bin/make -f CMakeFiles/cmTC_04a86.dir/build.make CMakeFiles/cmTC_04a86.dir/build
make[1]: Verzeichnis »/data/home/ridder90/cupla/example/CUDASamples/vectorAdd/build/CMakeFiles/CMakeTmp« wird betreten
Building C object CMakeFiles/cmTC_04a86.dir/CMakeCCompilerABI.c.o
/opt/pkg/compiler/gnu/gcc/4.9.2/bin/gcc-4.9.2    -o CMakeFiles/cmTC_04a86.dir/CMakeCCompilerABI.c.o   -c /opt/pkg/devel/cmake/3.3.0/share/cmake-3.3/Modules/CMakeCCompilerABI.c
Linking C executable cmTC_04a86
/opt/pkg/devel/cmake/3.3.0/bin/cmake -E cmake_link_script CMakeFiles/cmTC_04a86.dir/link.txt --verbose=1
/opt/pkg/compiler/gnu/gcc/4.9.2/bin/gcc-4.9.2      -v CMakeFiles/cmTC_04a86.dir/CMakeCCompilerABI.c.o  -o cmTC_04a86 -rdynamic  
Es werden eingebaute Spezifikationen verwendet.
COLLECT_GCC=/opt/pkg/compiler/gnu/gcc/4.9.2/bin/gcc-4.9.2
COLLECT_LTO_WRAPPER=/opt/pkg/compiler/gnu/gcc/4.9.2/libexec/gcc/x86_64-unknown-linux-gnu/4.9.2/lto-wrapper
Ziel: x86_64-unknown-linux-gnu
Konfiguriert mit: ./configure --prefix=/opt/pkg/compiler/gnu/gcc/4.9.2 --with-gmp=/opt/pkg/numlib/gmp/5.1.1/ --with-mpfr=/opt/pkg/numlib/mpfr/3.1.2/ --with-mpc=/opt/pkg/numlib/mpc/1.0.1/ --enable-build-with-cxx --disable-multilib --oldincludedir=/usr/include:/usr/include/x86_64-linux-gnu
Thread-Modell: posix
gcc-Version 4.9.2 (GCC) 
COMPILER_PATH=/opt/pkg/compiler/gnu/gcc/4.9.2/libexec/gcc/x86_64-unknown-linux-gnu/4.9.2/:/opt/pkg/compiler/gnu/gcc/4.9.2/libexec/gcc/x86_64-unknown-linux-gnu/4.9.2/:/opt/pkg/compiler/gnu/gcc/4.9.2/libexec/gcc/x86_64-unknown-linux-gnu/:/opt/pkg/compiler/gnu/gcc/4.9.2/lib/gcc/x86_64-unknown-linux-gnu/4.9.2/:/opt/pkg/compiler/gnu/gcc/4.9.2/lib/gcc/x86_64-unknown-linux-gnu/
LIBRARY_PATH=/opt/pkg/compiler/gnu/gcc/4.9.2/lib64/../lib64/:/opt/pkg/devel/cuda/7.5/lib64/../lib64/:/opt/pkg/devel/cuda/7.5/lib/../lib64/:/opt/pkg/devel/cuda/7.5/lib64/../lib64/:/opt/pkg/compiler/gnu/gcc/4.9.2/lib/gcc/x86_64-unknown-linux-gnu/4.9.2/:/opt/pkg/compiler/gnu/gcc/4.9.2/lib/gcc/x86_64-unknown-linux-gnu/4.9.2/../../../../lib64/:/lib/x86_64-linux-gnu/:/lib/../lib64/:/usr/lib/x86_64-linux-gnu/:/usr/lib/../lib64/:/opt/pkg/compiler/gnu/gcc/4.9.2/lib64/:/opt/pkg/devel/cuda/7.5/lib64/:/opt/pkg/devel/cuda/7.5/lib/:/opt/pkg/devel/cuda/7.5/lib64/:/opt/pkg/compiler/gnu/gcc/4.9.2/lib/gcc/x86_64-unknown-linux-gnu/4.9.2/../../../:/lib/:/usr/lib/
COLLECT_GCC_OPTIONS='-v' '-o' 'cmTC_04a86' '-rdynamic' '-mtune=generic' '-march=x86-64'
 /opt/pkg/compiler/gnu/gcc/4.9.2/libexec/gcc/x86_64-unknown-linux-gnu/4.9.2/collect2 --eh-frame-hdr -m elf_x86_64 -export-dynamic -dynamic-linker /lib64/ld-linux-x86-64.so.2 -o cmTC_04a86 /usr/lib/x86_64-linux-gnu/crt1.o /usr/lib/x86_64-linux-gnu/crti.o /opt/pkg/compiler/gnu/gcc/4.9.2/lib/gcc/x86_64-unknown-linux-gnu/4.9.2/crtbegin.o -L/opt/pkg/compiler/gnu/gcc/4.9.2/lib64/../lib64 -L/opt/pkg/devel/cuda/7.5/lib64/../lib64 -L/opt/pkg/devel/cuda/7.5/lib/../lib64 -L/opt/pkg/devel/cuda/7.5/lib64/../lib64 -L/opt/pkg/compiler/gnu/gcc/4.9.2/lib/gcc/x86_64-unknown-linux-gnu/4.9.2 -L/opt/pkg/compiler/gnu/gcc/4.9.2/lib/gcc/x86_64-unknown-linux-gnu/4.9.2/../../../../lib64 -L/lib/x86_64-linux-gnu -L/lib/../lib64 -L/usr/lib/x86_64-linux-gnu -L/usr/lib/../lib64 -L/opt/pkg/compiler/gnu/gcc/4.9.2/lib64 -L/opt/pkg/devel/cuda/7.5/lib64 -L/opt/pkg/devel/cuda/7.5/lib -L/opt/pkg/devel/cuda/7.5/lib64 -L/opt/pkg/compiler/gnu/gcc/4.9.2/lib/gcc/x86_64-unknown-linux-gnu/4.9.2/../../.. CMakeFiles/cmTC_04a86.dir/CMakeCCompilerABI.c.o -lgcc --as-needed -lgcc_s --no-as-needed -lc -lgcc --as-needed -lgcc_s --no-as-needed /opt/pkg/compiler/gnu/gcc/4.9.2/lib/gcc/x86_64-unknown-linux-gnu/4.9.2/crtend.o /usr/lib/x86_64-linux-gnu/crtn.o
make[1]: Verzeichnis »/data/home/ridder90/cupla/example/CUDASamples/vectorAdd/build/CMakeFiles/CMakeTmp« wird verlassen


Parsed C implicit link information from above output:
  link line regex: [^( *|.*[/\])(ld|([^/\]+-)?ld|collect2)[^/\]*( |$)]
  ignore line: [Change Dir: /home/ridder90/cupla/example/CUDASamples/vectorAdd/build/CMakeFiles/CMakeTmp]
  ignore line: []
  ignore line: [Run Build Command:"/usr/bin/make" "cmTC_04a86/fast"]
  ignore line: [/usr/bin/make -f CMakeFiles/cmTC_04a86.dir/build.make CMakeFiles/cmTC_04a86.dir/build]
  ignore line: [make[1]: Verzeichnis »/data/home/ridder90/cupla/example/CUDASamples/vectorAdd/build/CMakeFiles/CMakeTmp« wird betreten]
  ignore line: [Building C object CMakeFiles/cmTC_04a86.dir/CMakeCCompilerABI.c.o]
  ignore line: [/opt/pkg/compiler/gnu/gcc/4.9.2/bin/gcc-4.9.2    -o CMakeFiles/cmTC_04a86.dir/CMakeCCompilerABI.c.o   -c /opt/pkg/devel/cmake/3.3.0/share/cmake-3.3/Modules/CMakeCCompilerABI.c]
  ignore line: [Linking C executable cmTC_04a86]
  ignore line: [/opt/pkg/devel/cmake/3.3.0/bin/cmake -E cmake_link_script CMakeFiles/cmTC_04a86.dir/link.txt --verbose=1]
  ignore line: [/opt/pkg/compiler/gnu/gcc/4.9.2/bin/gcc-4.9.2      -v CMakeFiles/cmTC_04a86.dir/CMakeCCompilerABI.c.o  -o cmTC_04a86 -rdynamic  ]
  ignore line: [Es werden eingebaute Spezifikationen verwendet.]
  ignore line: [COLLECT_GCC=/opt/pkg/compiler/gnu/gcc/4.9.2/bin/gcc-4.9.2]
  ignore line: [COLLECT_LTO_WRAPPER=/opt/pkg/compiler/gnu/gcc/4.9.2/libexec/gcc/x86_64-unknown-linux-gnu/4.9.2/lto-wrapper]
  ignore line: [Ziel: x86_64-unknown-linux-gnu]
  ignore line: [Konfiguriert mit: ./configure --prefix=/opt/pkg/compiler/gnu/gcc/4.9.2 --with-gmp=/opt/pkg/numlib/gmp/5.1.1/ --with-mpfr=/opt/pkg/numlib/mpfr/3.1.2/ --with-mpc=/opt/pkg/numlib/mpc/1.0.1/ --enable-build-with-cxx --disable-multilib --oldincludedir=/usr/include:/usr/include/x86_64-linux-gnu]
  ignore line: [Thread-Modell: posix]
  ignore line: [gcc-Version 4.9.2 (GCC) ]
  ignore line: [COMPILER_PATH=/opt/pkg/compiler/gnu/gcc/4.9.2/libexec/gcc/x86_64-unknown-linux-gnu/4.9.2/:/opt/pkg/compiler/gnu/gcc/4.9.2/libexec/gcc/x86_64-unknown-linux-gnu/4.9.2/:/opt/pkg/compiler/gnu/gcc/4.9.2/libexec/gcc/x86_64-unknown-linux-gnu/:/opt/pkg/compiler/gnu/gcc/4.9.2/lib/gcc/x86_64-unknown-linux-gnu/4.9.2/:/opt/pkg/compiler/gnu/gcc/4.9.2/lib/gcc/x86_64-unknown-linux-gnu/]
  ignore line: [LIBRARY_PATH=/opt/pkg/compiler/gnu/gcc/4.9.2/lib64/../lib64/:/opt/pkg/devel/cuda/7.5/lib64/../lib64/:/opt/pkg/devel/cuda/7.5/lib/../lib64/:/opt/pkg/devel/cuda/7.5/lib64/../lib64/:/opt/pkg/compiler/gnu/gcc/4.9.2/lib/gcc/x86_64-unknown-linux-gnu/4.9.2/:/opt/pkg/compiler/gnu/gcc/4.9.2/lib/gcc/x86_64-unknown-linux-gnu/4.9.2/../../../../lib64/:/lib/x86_64-linux-gnu/:/lib/../lib64/:/usr/lib/x86_64-linux-gnu/:/usr/lib/../lib64/:/opt/pkg/compiler/gnu/gcc/4.9.2/lib64/:/opt/pkg/devel/cuda/7.5/lib64/:/opt/pkg/devel/cuda/7.5/lib/:/opt/pkg/devel/cuda/7.5/lib64/:/opt/pkg/compiler/gnu/gcc/4.9.2/lib/gcc/x86_64-unknown-linux-gnu/4.9.2/../../../:/lib/:/usr/lib/]
  ignore line: [COLLECT_GCC_OPTIONS='-v' '-o' 'cmTC_04a86' '-rdynamic' '-mtune=generic' '-march=x86-64']
  link line: [ /opt/pkg/compiler/gnu/gcc/4.9.2/libexec/gcc/x86_64-unknown-linux-gnu/4.9.2/collect2 --eh-frame-hdr -m elf_x86_64 -export-dynamic -dynamic-linker /lib64/ld-linux-x86-64.so.2 -o cmTC_04a86 /usr/lib/x86_64-linux-gnu/crt1.o /usr/lib/x86_64-linux-gnu/crti.o /opt/pkg/compiler/gnu/gcc/4.9.2/lib/gcc/x86_64-unknown-linux-gnu/4.9.2/crtbegin.o -L/opt/pkg/compiler/gnu/gcc/4.9.2/lib64/../lib64 -L/opt/pkg/devel/cuda/7.5/lib64/../lib64 -L/opt/pkg/devel/cuda/7.5/lib/../lib64 -L/opt/pkg/devel/cuda/7.5/lib64/../lib64 -L/opt/pkg/compiler/gnu/gcc/4.9.2/lib/gcc/x86_64-unknown-linux-gnu/4.9.2 -L/opt/pkg/compiler/gnu/gcc/4.9.2/lib/gcc/x86_64-unknown-linux-gnu/4.9.2/../../../../lib64 -L/lib/x86_64-linux-gnu -L/lib/../lib64 -L/usr/lib/x86_64-linux-gnu -L/usr/lib/../lib64 -L/opt/pkg/compiler/gnu/gcc/4.9.2/lib64 -L/opt/pkg/devel/cuda/7.5/lib64 -L/opt/pkg/devel/cuda/7.5/lib -L/opt/pkg/devel/cuda/7.5/lib64 -L/opt/pkg/compiler/gnu/gcc/4.9.2/lib/gcc/x86_64-unknown-linux-gnu/4.9.2/../../.. CMakeFiles/cmTC_04a86.dir/CMakeCCompilerABI.c.o -lgcc --as-needed -lgcc_s --no-as-needed -lc -lgcc --as-needed -lgcc_s --no-as-needed /opt/pkg/compiler/gnu/gcc/4.9.2/lib/gcc/x86_64-unknown-linux-gnu/4.9.2/crtend.o /usr/lib/x86_64-linux-gnu/crtn.o]
    arg [/opt/pkg/compiler/gnu/gcc/4.9.2/libexec/gcc/x86_64-unknown-linux-gnu/4.9.2/collect2] ==> ignore
    arg [--eh-frame-hdr] ==> ignore
    arg [-m] ==> ignore
    arg [elf_x86_64] ==> ignore
    arg [-export-dynamic] ==> ignore
    arg [-dynamic-linker] ==> ignore
    arg [/lib64/ld-linux-x86-64.so.2] ==> ignore
    arg [-o] ==> ignore
    arg [cmTC_04a86] ==> ignore
    arg [/usr/lib/x86_64-linux-gnu/crt1.o] ==> ignore
    arg [/usr/lib/x86_64-linux-gnu/crti.o] ==> ignore
    arg [/opt/pkg/compiler/gnu/gcc/4.9.2/lib/gcc/x86_64-unknown-linux-gnu/4.9.2/crtbegin.o] ==> ignore
    arg [-L/opt/pkg/compiler/gnu/gcc/4.9.2/lib64/../lib64] ==> dir [/opt/pkg/compiler/gnu/gcc/4.9.2/lib64/../lib64]
    arg [-L/opt/pkg/devel/cuda/7.5/lib64/../lib64] ==> dir [/opt/pkg/devel/cuda/7.5/lib64/../lib64]
    arg [-L/opt/pkg/devel/cuda/7.5/lib/../lib64] ==> dir [/opt/pkg/devel/cuda/7.5/lib/../lib64]
    arg [-L/opt/pkg/devel/cuda/7.5/lib64/../lib64] ==> dir [/opt/pkg/devel/cuda/7.5/lib64/../lib64]
    arg [-L/opt/pkg/compiler/gnu/gcc/4.9.2/lib/gcc/x86_64-unknown-linux-gnu/4.9.2] ==> dir [/opt/pkg/compiler/gnu/gcc/4.9.2/lib/gcc/x86_64-unknown-linux-gnu/4.9.2]
    arg [-L/opt/pkg/compiler/gnu/gcc/4.9.2/lib/gcc/x86_64-unknown-linux-gnu/4.9.2/../../../../lib64] ==> dir [/opt/pkg/compiler/gnu/gcc/4.9.2/lib/gcc/x86_64-unknown-linux-gnu/4.9.2/../../../../lib64]
    arg [-L/lib/x86_64-linux-gnu] ==> dir [/lib/x86_64-linux-gnu]
    arg [-L/lib/../lib64] ==> dir [/lib/../lib64]
    arg [-L/usr/lib/x86_64-linux-gnu] ==> dir [/usr/lib/x86_64-linux-gnu]
    arg [-L/usr/lib/../lib64] ==> dir [/usr/lib/../lib64]
    arg [-L/opt/pkg/compiler/gnu/gcc/4.9.2/lib64] ==> dir [/opt/pkg/compiler/gnu/gcc/4.9.2/lib64]
    arg [-L/opt/pkg/devel/cuda/7.5/lib64] ==> dir [/opt/pkg/devel/cuda/7.5/lib64]
    arg [-L/opt/pkg/devel/cuda/7.5/lib] ==> dir [/opt/pkg/devel/cuda/7.5/lib]
    arg [-L/opt/pkg/devel/cuda/7.5/lib64] ==> dir [/opt/pkg/devel/cuda/7.5/lib64]
    arg [-L/opt/pkg/compiler/gnu/gcc/4.9.2/lib/gcc/x86_64-unknown-linux-gnu/4.9.2/../../..] ==> dir [/opt/pkg/compiler/gnu/gcc/4.9.2/lib/gcc/x86_64-unknown-linux-gnu/4.9.2/../../..]
    arg [CMakeFiles/cmTC_04a86.dir/CMakeCCompilerABI.c.o] ==> ignore
    arg [-lgcc] ==> lib [gcc]
    arg [--as-needed] ==> ignore
    arg [-lgcc_s] ==> lib [gcc_s]
    arg [--no-as-needed] ==> ignore
    arg [-lc] ==> lib [c]
    arg [-lgcc] ==> lib [gcc]
    arg [--as-needed] ==> ignore
    arg [-lgcc_s] ==> lib [gcc_s]
    arg [--no-as-needed] ==> ignore
    arg [/opt/pkg/compiler/gnu/gcc/4.9.2/lib/gcc/x86_64-unknown-linux-gnu/4.9.2/crtend.o] ==> ignore
    arg [/usr/lib/x86_64-linux-gnu/crtn.o] ==> ignore
  remove lib [gcc]
  remove lib [gcc_s]
  remove lib [gcc]
  remove lib [gcc_s]
  collapse library dir [/opt/pkg/compiler/gnu/gcc/4.9.2/lib64/../lib64] ==> [/opt/pkg/compiler/gnu/gcc/4.9.2/lib64]
  collapse library dir [/opt/pkg/devel/cuda/7.5/lib64/../lib64] ==> [/opt/pkg/devel/cuda/7.5/lib64]
  collapse library dir [/opt/pkg/devel/cuda/7.5/lib/../lib64] ==> [/opt/pkg/devel/cuda/7.5/lib64]
  collapse library dir [/opt/pkg/devel/cuda/7.5/lib64/../lib64] ==> [/opt/pkg/devel/cuda/7.5/lib64]
  collapse library dir [/opt/pkg/compiler/gnu/gcc/4.9.2/lib/gcc/x86_64-unknown-linux-gnu/4.9.2] ==> [/opt/pkg/compiler/gnu/gcc/4.9.2/lib/gcc/x86_64-unknown-linux-gnu/4.9.2]
  collapse library dir [/opt/pkg/compiler/gnu/gcc/4.9.2/lib/gcc/x86_64-unknown-linux-gnu/4.9.2/../../../../lib64] ==> [/opt/pkg/compiler/gnu/gcc/4.9.2/lib64]
  collapse library dir [/lib/x86_64-linux-gnu] ==> [/lib/x86_64-linux-gnu]
  collapse library dir [/lib/../lib64] ==> [/lib64]
  collapse library dir [/usr/lib/x86_64-linux-gnu] ==> [/usr/lib/x86_64-linux-gnu]
  collapse library dir [/usr/lib/../lib64] ==> [/usr/lib64]
  collapse library dir [/opt/pkg/compiler/gnu/gcc/4.9.2/lib64] ==> [/opt/pkg/compiler/gnu/gcc/4.9.2/lib64]
  collapse library dir [/opt/pkg/devel/cuda/7.5/lib64] ==> [/opt/pkg/devel/cuda/7.5/lib64]
  collapse library dir [/opt/pkg/devel/cuda/7.5/lib] ==> [/opt/pkg/devel/cuda/7.5/lib]
  collapse library dir [/opt/pkg/devel/cuda/7.5/lib64] ==> [/opt/pkg/devel/cuda/7.5/lib64]
  collapse library dir [/opt/pkg/compiler/gnu/gcc/4.9.2/lib/gcc/x86_64-unknown-linux-gnu/4.9.2/../../..] ==> [/opt/pkg/compiler/gnu/gcc/4.9.2/lib]
  implicit libs: [c]
  implicit dirs: [/opt/pkg/compiler/gnu/gcc/4.9.2/lib64;/opt/pkg/devel/cuda/7.5/lib64;/opt/pkg/compiler/gnu/gcc/4.9.2/lib/gcc/x86_64-unknown-linux-gnu/4.9.2;/lib/x86_64-linux-gnu;/lib64;/usr/lib/x86_64-linux-gnu;/usr/lib64;/opt/pkg/devel/cuda/7.5/lib;/opt/pkg/compiler/gnu/gcc/4.9.2/lib]
  implicit fwks: []




Detecting C [-std=c11] compiler features compiled with the following output:
Change Dir: /home/ridder90/cupla/example/CUDASamples/vectorAdd/build/CMakeFiles/CMakeTmp

Run Build Command:"/usr/bin/make" "cmTC_b4e44/fast"
/usr/bin/make -f CMakeFiles/cmTC_b4e44.dir/build.make CMakeFiles/cmTC_b4e44.dir/build
make[1]: Verzeichnis »/data/home/ridder90/cupla/example/CUDASamples/vectorAdd/build/CMakeFiles/CMakeTmp« wird betreten
Building C object CMakeFiles/cmTC_b4e44.dir/feature_tests.c.o
/opt/pkg/compiler/gnu/gcc/4.9.2/bin/gcc-4.9.2   -std=c11 -o CMakeFiles/cmTC_b4e44.dir/feature_tests.c.o   -c /home/ridder90/cupla/example/CUDASamples/vectorAdd/build/CMakeFiles/feature_tests.c
Linking C executable cmTC_b4e44
/opt/pkg/devel/cmake/3.3.0/bin/cmake -E cmake_link_script CMakeFiles/cmTC_b4e44.dir/link.txt --verbose=1
/opt/pkg/compiler/gnu/gcc/4.9.2/bin/gcc-4.9.2       CMakeFiles/cmTC_b4e44.dir/feature_tests.c.o  -o cmTC_b4e44 -rdynamic 
make[1]: Verzeichnis »/data/home/ridder90/cupla/example/CUDASamples/vectorAdd/build/CMakeFiles/CMakeTmp« wird verlassen


    Feature record: C_FEATURE:1c_function_prototypes
    Feature record: C_FEATURE:1c_restrict
    Feature record: C_FEATURE:1c_static_assert
    Feature record: C_FEATURE:1c_variadic_macros


Detecting C [-std=c99] compiler features compiled with the following output:
Change Dir: /home/ridder90/cupla/example/CUDASamples/vectorAdd/build/CMakeFiles/CMakeTmp

Run Build Command:"/usr/bin/make" "cmTC_0cafd/fast"
/usr/bin/make -f CMakeFiles/cmTC_0cafd.dir/build.make CMakeFiles/cmTC_0cafd.dir/build
make[1]: Verzeichnis »/data/home/ridder90/cupla/example/CUDASamples/vectorAdd/build/CMakeFiles/CMakeTmp« wird betreten
Building C object CMakeFiles/cmTC_0cafd.dir/feature_tests.c.o
/opt/pkg/compiler/gnu/gcc/4.9.2/bin/gcc-4.9.2   -std=c99 -o CMakeFiles/cmTC_0cafd.dir/feature_tests.c.o   -c /home/ridder90/cupla/example/CUDASamples/vectorAdd/build/CMakeFiles/feature_tests.c
Linking C executable cmTC_0cafd
/opt/pkg/devel/cmake/3.3.0/bin/cmake -E cmake_link_script CMakeFiles/cmTC_0cafd.dir/link.txt --verbose=1
/opt/pkg/compiler/gnu/gcc/4.9.2/bin/gcc-4.9.2       CMakeFiles/cmTC_0cafd.dir/feature_tests.c.o  -o cmTC_0cafd -rdynamic 
make[1]: Verzeichnis »/data/home/ridder90/cupla/example/CUDASamples/vectorAdd/build/CMakeFiles/CMakeTmp« wird verlassen


    Feature record: C_FEATURE:1c_function_prototypes
    Feature record: C_FEATURE:1c_restrict
    Feature record: C_FEATURE:0c_static_assert
    Feature record: C_FEATURE:1c_variadic_macros


Detecting C [-std=c90] compiler features compiled with the following output:
Change Dir: /home/ridder90/cupla/example/CUDASamples/vectorAdd/build/CMakeFiles/CMakeTmp

Run Build Command:"/usr/bin/make" "cmTC_5f076/fast"
/usr/bin/make -f CMakeFiles/cmTC_5f076.dir/build.make CMakeFiles/cmTC_5f076.dir/build
make[1]: Verzeichnis »/data/home/ridder90/cupla/example/CUDASamples/vectorAdd/build/CMakeFiles/CMakeTmp« wird betreten
Building C object CMakeFiles/cmTC_5f076.dir/feature_tests.c.o
/opt/pkg/compiler/gnu/gcc/4.9.2/bin/gcc-4.9.2   -std=c90 -o CMakeFiles/cmTC_5f076.dir/feature_tests.c.o   -c /home/ridder90/cupla/example/CUDASamples/vectorAdd/build/CMakeFiles/feature_tests.c
Linking C executable cmTC_5f076
/opt/pkg/devel/cmake/3.3.0/bin/cmake -E cmake_link_script CMakeFiles/cmTC_5f076.dir/link.txt --verbose=1
/opt/pkg/compiler/gnu/gcc/4.9.2/bin/gcc-4.9.2       CMakeFiles/cmTC_5f076.dir/feature_tests.c.o  -o cmTC_5f076 -rdynamic 
make[1]: Verzeichnis »/data/home/ridder90/cupla/example/CUDASamples/vectorAdd/build/CMakeFiles/CMakeTmp« wird verlassen


    Feature record: C_FEATURE:1c_function_prototypes
    Feature record: C_FEATURE:0c_restrict
    Feature record: C_FEATURE:0c_static_assert
    Feature record: C_FEATURE:0c_variadic_macros
Determining if the CXX compiler works passed with the following output:
Change Dir: /home/ridder90/cupla/example/CUDASamples/vectorAdd/build/CMakeFiles/CMakeTmp

Run Build Command:"/usr/bin/make" "cmTC_f39e8/fast"
/usr/bin/make -f CMakeFiles/cmTC_f39e8.dir/build.make CMakeFiles/cmTC_f39e8.dir/build
make[1]: Verzeichnis »/data/home/ridder90/cupla/example/CUDASamples/vectorAdd/build/CMakeFiles/CMakeTmp« wird betreten
Building CXX object CMakeFiles/cmTC_f39e8.dir/testCXXCompiler.cxx.o
/opt/pkg/compiler/gnu/gcc/4.9.2/bin/g++-4.9.2    -g0 -O3 -m64     -o CMakeFiles/cmTC_f39e8.dir/testCXXCompiler.cxx.o -c /home/ridder90/cupla/example/CUDASamples/vectorAdd/build/CMakeFiles/CMakeTmp/testCXXCompiler.cxx
Linking CXX executable cmTC_f39e8
/opt/pkg/devel/cmake/3.3.0/bin/cmake -E cmake_link_script CMakeFiles/cmTC_f39e8.dir/link.txt --verbose=1
/opt/pkg/compiler/gnu/gcc/4.9.2/bin/g++-4.9.2   -g0 -O3 -m64      CMakeFiles/cmTC_f39e8.dir/testCXXCompiler.cxx.o  -o cmTC_f39e8 -rdynamic 
make[1]: Verzeichnis »/data/home/ridder90/cupla/example/CUDASamples/vectorAdd/build/CMakeFiles/CMakeTmp« wird verlassen


Detecting CXX compiler ABI info compiled with the following output:
Change Dir: /home/ridder90/cupla/example/CUDASamples/vectorAdd/build/CMakeFiles/CMakeTmp

Run Build Command:"/usr/bin/make" "cmTC_4904d/fast"
/usr/bin/make -f CMakeFiles/cmTC_4904d.dir/build.make CMakeFiles/cmTC_4904d.dir/build
make[1]: Verzeichnis »/data/home/ridder90/cupla/example/CUDASamples/vectorAdd/build/CMakeFiles/CMakeTmp« wird betreten
Building CXX object CMakeFiles/cmTC_4904d.dir/CMakeCXXCompilerABI.cpp.o
/opt/pkg/compiler/gnu/gcc/4.9.2/bin/g++-4.9.2    -g0 -O3 -m64     -o CMakeFiles/cmTC_4904d.dir/CMakeCXXCompilerABI.cpp.o -c /opt/pkg/devel/cmake/3.3.0/share/cmake-3.3/Modules/CMakeCXXCompilerABI.cpp
Linking CXX executable cmTC_4904d
/opt/pkg/devel/cmake/3.3.0/bin/cmake -E cmake_link_script CMakeFiles/cmTC_4904d.dir/link.txt --verbose=1
/opt/pkg/compiler/gnu/gcc/4.9.2/bin/g++-4.9.2   -g0 -O3 -m64     -v CMakeFiles/cmTC_4904d.dir/CMakeCXXCompilerABI.cpp.o  -o cmTC_4904d -rdynamic  
Es werden eingebaute Spezifikationen verwendet.
COLLECT_GCC=/opt/pkg/compiler/gnu/gcc/4.9.2/bin/g++-4.9.2
COLLECT_LTO_WRAPPER=/opt/pkg/compiler/gnu/gcc/4.9.2/libexec/gcc/x86_64-unknown-linux-gnu/4.9.2/lto-wrapper
Ziel: x86_64-unknown-linux-gnu
Konfiguriert mit: ./configure --prefix=/opt/pkg/compiler/gnu/gcc/4.9.2 --with-gmp=/opt/pkg/numlib/gmp/5.1.1/ --with-mpfr=/opt/pkg/numlib/mpfr/3.1.2/ --with-mpc=/opt/pkg/numlib/mpc/1.0.1/ --enable-build-with-cxx --disable-multilib --oldincludedir=/usr/include:/usr/include/x86_64-linux-gnu
Thread-Modell: posix
gcc-Version 4.9.2 (GCC) 
COMPILER_PATH=/opt/pkg/compiler/gnu/gcc/4.9.2/libexec/gcc/x86_64-unknown-linux-gnu/4.9.2/:/opt/pkg/compiler/gnu/gcc/4.9.2/libexec/gcc/x86_64-unknown-linux-gnu/4.9.2/:/opt/pkg/compiler/gnu/gcc/4.9.2/libexec/gcc/x86_64-unknown-linux-gnu/:/opt/pkg/compiler/gnu/gcc/4.9.2/lib/gcc/x86_64-unknown-linux-gnu/4.9.2/:/opt/pkg/compiler/gnu/gcc/4.9.2/lib/gcc/x86_64-unknown-linux-gnu/
LIBRARY_PATH=/opt/pkg/compiler/gnu/gcc/4.9.2/lib64/../lib64/:/opt/pkg/devel/cuda/7.5/lib64/../lib64/:/opt/pkg/devel/cuda/7.5/lib/../lib64/:/opt/pkg/devel/cuda/7.5/lib64/../lib64/:/opt/pkg/compiler/gnu/gcc/4.9.2/lib/gcc/x86_64-unknown-linux-gnu/4.9.2/:/opt/pkg/compiler/gnu/gcc/4.9.2/lib/gcc/x86_64-unknown-linux-gnu/4.9.2/../../../../lib64/:/lib/x86_64-linux-gnu/:/lib/../lib64/:/usr/lib/x86_64-linux-gnu/:/usr/lib/../lib64/:/opt/pkg/compiler/gnu/gcc/4.9.2/lib64/:/opt/pkg/devel/cuda/7.5/lib64/:/opt/pkg/devel/cuda/7.5/lib/:/opt/pkg/devel/cuda/7.5/lib64/:/opt/pkg/compiler/gnu/gcc/4.9.2/lib/gcc/x86_64-unknown-linux-gnu/4.9.2/../../../:/lib/:/usr/lib/
COLLECT_GCC_OPTIONS='-g0' '-O3' '-m64' '-v' '-o' 'cmTC_4904d' '-rdynamic' '-shared-libgcc' '-mtune=generic' '-march=x86-64'
 /opt/pkg/compiler/gnu/gcc/4.9.2/libexec/gcc/x86_64-unknown-linux-gnu/4.9.2/collect2 --eh-frame-hdr -m elf_x86_64 -export-dynamic -dynamic-linker /lib64/ld-linux-x86-64.so.2 -o cmTC_4904d /usr/lib/x86_64-linux-gnu/crt1.o /usr/lib/x86_64-linux-gnu/crti.o /opt/pkg/compiler/gnu/gcc/4.9.2/lib/gcc/x86_64-unknown-linux-gnu/4.9.2/crtbegin.o -L/opt/pkg/compiler/gnu/gcc/4.9.2/lib64/../lib64 -L/opt/pkg/devel/cuda/7.5/lib64/../lib64 -L/opt/pkg/devel/cuda/7.5/lib/../lib64 -L/opt/pkg/devel/cuda/7.5/lib64/../lib64 -L/opt/pkg/compiler/gnu/gcc/4.9.2/lib/gcc/x86_64-unknown-linux-gnu/4.9.2 -L/opt/pkg/compiler/gnu/gcc/4.9.2/lib/gcc/x86_64-unknown-linux-gnu/4.9.2/../../../../lib64 -L/lib/x86_64-linux-gnu -L/lib/../lib64 -L/usr/lib/x86_64-linux-gnu -L/usr/lib/../lib64 -L/opt/pkg/compiler/gnu/gcc/4.9.2/lib64 -L/opt/pkg/devel/cuda/7.5/lib64 -L/opt/pkg/devel/cuda/7.5/lib -L/opt/pkg/devel/cuda/7.5/lib64 -L/opt/pkg/compiler/gnu/gcc/4.9.2/lib/gcc/x86_64-unknown-linux-gnu/4.9.2/../../.. CMakeFiles/cmTC_4904d.dir/CMakeCXXCompilerABI.cpp.o -lstdc++ -lm -lgcc_s -lgcc -lc -lgcc_s -lgcc /opt/pkg/compiler/gnu/gcc/4.9.2/lib/gcc/x86_64-unknown-linux-gnu/4.9.2/crtend.o /usr/lib/x86_64-linux-gnu/crtn.o
make[1]: Verzeichnis »/data/home/ridder90/cupla/example/CUDASamples/vectorAdd/build/CMakeFiles/CMakeTmp« wird verlassen


Parsed CXX implicit link information from above output:
  link line regex: [^( *|.*[/\])(ld|([^/\]+-)?ld|collect2)[^/\]*( |$)]
  ignore line: [Change Dir: /home/ridder90/cupla/example/CUDASamples/vectorAdd/build/CMakeFiles/CMakeTmp]
  ignore line: []
  ignore line: [Run Build Command:"/usr/bin/make" "cmTC_4904d/fast"]
  ignore line: [/usr/bin/make -f CMakeFiles/cmTC_4904d.dir/build.make CMakeFiles/cmTC_4904d.dir/build]
  ignore line: [make[1]: Verzeichnis »/data/home/ridder90/cupla/example/CUDASamples/vectorAdd/build/CMakeFiles/CMakeTmp« wird betreten]
  ignore line: [Building CXX object CMakeFiles/cmTC_4904d.dir/CMakeCXXCompilerABI.cpp.o]
  ignore line: [/opt/pkg/compiler/gnu/gcc/4.9.2/bin/g++-4.9.2    -g0 -O3 -m64     -o CMakeFiles/cmTC_4904d.dir/CMakeCXXCompilerABI.cpp.o -c /opt/pkg/devel/cmake/3.3.0/share/cmake-3.3/Modules/CMakeCXXCompilerABI.cpp]
  ignore line: [Linking CXX executable cmTC_4904d]
  ignore line: [/opt/pkg/devel/cmake/3.3.0/bin/cmake -E cmake_link_script CMakeFiles/cmTC_4904d.dir/link.txt --verbose=1]
  ignore line: [/opt/pkg/compiler/gnu/gcc/4.9.2/bin/g++-4.9.2   -g0 -O3 -m64     -v CMakeFiles/cmTC_4904d.dir/CMakeCXXCompilerABI.cpp.o  -o cmTC_4904d -rdynamic  ]
  ignore line: [Es werden eingebaute Spezifikationen verwendet.]
  ignore line: [COLLECT_GCC=/opt/pkg/compiler/gnu/gcc/4.9.2/bin/g++-4.9.2]
  ignore line: [COLLECT_LTO_WRAPPER=/opt/pkg/compiler/gnu/gcc/4.9.2/libexec/gcc/x86_64-unknown-linux-gnu/4.9.2/lto-wrapper]
  ignore line: [Ziel: x86_64-unknown-linux-gnu]
  ignore line: [Konfiguriert mit: ./configure --prefix=/opt/pkg/compiler/gnu/gcc/4.9.2 --with-gmp=/opt/pkg/numlib/gmp/5.1.1/ --with-mpfr=/opt/pkg/numlib/mpfr/3.1.2/ --with-mpc=/opt/pkg/numlib/mpc/1.0.1/ --enable-build-with-cxx --disable-multilib --oldincludedir=/usr/include:/usr/include/x86_64-linux-gnu]
  ignore line: [Thread-Modell: posix]
  ignore line: [gcc-Version 4.9.2 (GCC) ]
  ignore line: [COMPILER_PATH=/opt/pkg/compiler/gnu/gcc/4.9.2/libexec/gcc/x86_64-unknown-linux-gnu/4.9.2/:/opt/pkg/compiler/gnu/gcc/4.9.2/libexec/gcc/x86_64-unknown-linux-gnu/4.9.2/:/opt/pkg/compiler/gnu/gcc/4.9.2/libexec/gcc/x86_64-unknown-linux-gnu/:/opt/pkg/compiler/gnu/gcc/4.9.2/lib/gcc/x86_64-unknown-linux-gnu/4.9.2/:/opt/pkg/compiler/gnu/gcc/4.9.2/lib/gcc/x86_64-unknown-linux-gnu/]
  ignore line: [LIBRARY_PATH=/opt/pkg/compiler/gnu/gcc/4.9.2/lib64/../lib64/:/opt/pkg/devel/cuda/7.5/lib64/../lib64/:/opt/pkg/devel/cuda/7.5/lib/../lib64/:/opt/pkg/devel/cuda/7.5/lib64/../lib64/:/opt/pkg/compiler/gnu/gcc/4.9.2/lib/gcc/x86_64-unknown-linux-gnu/4.9.2/:/opt/pkg/compiler/gnu/gcc/4.9.2/lib/gcc/x86_64-unknown-linux-gnu/4.9.2/../../../../lib64/:/lib/x86_64-linux-gnu/:/lib/../lib64/:/usr/lib/x86_64-linux-gnu/:/usr/lib/../lib64/:/opt/pkg/compiler/gnu/gcc/4.9.2/lib64/:/opt/pkg/devel/cuda/7.5/lib64/:/opt/pkg/devel/cuda/7.5/lib/:/opt/pkg/devel/cuda/7.5/lib64/:/opt/pkg/compiler/gnu/gcc/4.9.2/lib/gcc/x86_64-unknown-linux-gnu/4.9.2/../../../:/lib/:/usr/lib/]
  ignore line: [COLLECT_GCC_OPTIONS='-g0' '-O3' '-m64' '-v' '-o' 'cmTC_4904d' '-rdynamic' '-shared-libgcc' '-mtune=generic' '-march=x86-64']
  link line: [ /opt/pkg/compiler/gnu/gcc/4.9.2/libexec/gcc/x86_64-unknown-linux-gnu/4.9.2/collect2 --eh-frame-hdr -m elf_x86_64 -export-dynamic -dynamic-linker /lib64/ld-linux-x86-64.so.2 -o cmTC_4904d /usr/lib/x86_64-linux-gnu/crt1.o /usr/lib/x86_64-linux-gnu/crti.o /opt/pkg/compiler/gnu/gcc/4.9.2/lib/gcc/x86_64-unknown-linux-gnu/4.9.2/crtbegin.o -L/opt/pkg/compiler/gnu/gcc/4.9.2/lib64/../lib64 -L/opt/pkg/devel/cuda/7.5/lib64/../lib64 -L/opt/pkg/devel/cuda/7.5/lib/../lib64 -L/opt/pkg/devel/cuda/7.5/lib64/../lib64 -L/opt/pkg/compiler/gnu/gcc/4.9.2/lib/gcc/x86_64-unknown-linux-gnu/4.9.2 -L/opt/pkg/compiler/gnu/gcc/4.9.2/lib/gcc/x86_64-unknown-linux-gnu/4.9.2/../../../../lib64 -L/lib/x86_64-linux-gnu -L/lib/../lib64 -L/usr/lib/x86_64-linux-gnu -L/usr/lib/../lib64 -L/opt/pkg/compiler/gnu/gcc/4.9.2/lib64 -L/opt/pkg/devel/cuda/7.5/lib64 -L/opt/pkg/devel/cuda/7.5/lib -L/opt/pkg/devel/cuda/7.5/lib64 -L/opt/pkg/compiler/gnu/gcc/4.9.2/lib/gcc/x86_64-unknown-linux-gnu/4.9.2/../../.. CMakeFiles/cmTC_4904d.dir/CMakeCXXCompilerABI.cpp.o -lstdc++ -lm -lgcc_s -lgcc -lc -lgcc_s -lgcc /opt/pkg/compiler/gnu/gcc/4.9.2/lib/gcc/x86_64-unknown-linux-gnu/4.9.2/crtend.o /usr/lib/x86_64-linux-gnu/crtn.o]
    arg [/opt/pkg/compiler/gnu/gcc/4.9.2/libexec/gcc/x86_64-unknown-linux-gnu/4.9.2/collect2] ==> ignore
    arg [--eh-frame-hdr] ==> ignore
    arg [-m] ==> ignore
    arg [elf_x86_64] ==> ignore
    arg [-export-dynamic] ==> ignore
    arg [-dynamic-linker] ==> ignore
    arg [/lib64/ld-linux-x86-64.so.2] ==> ignore
    arg [-o] ==> ignore
    arg [cmTC_4904d] ==> ignore
    arg [/usr/lib/x86_64-linux-gnu/crt1.o] ==> ignore
    arg [/usr/lib/x86_64-linux-gnu/crti.o] ==> ignore
    arg [/opt/pkg/compiler/gnu/gcc/4.9.2/lib/gcc/x86_64-unknown-linux-gnu/4.9.2/crtbegin.o] ==> ignore
    arg [-L/opt/pkg/compiler/gnu/gcc/4.9.2/lib64/../lib64] ==> dir [/opt/pkg/compiler/gnu/gcc/4.9.2/lib64/../lib64]
    arg [-L/opt/pkg/devel/cuda/7.5/lib64/../lib64] ==> dir [/opt/pkg/devel/cuda/7.5/lib64/../lib64]
    arg [-L/opt/pkg/devel/cuda/7.5/lib/../lib64] ==> dir [/opt/pkg/devel/cuda/7.5/lib/../lib64]
    arg [-L/opt/pkg/devel/cuda/7.5/lib64/../lib64] ==> dir [/opt/pkg/devel/cuda/7.5/lib64/../lib64]
    arg [-L/opt/pkg/compiler/gnu/gcc/4.9.2/lib/gcc/x86_64-unknown-linux-gnu/4.9.2] ==> dir [/opt/pkg/compiler/gnu/gcc/4.9.2/lib/gcc/x86_64-unknown-linux-gnu/4.9.2]
    arg [-L/opt/pkg/compiler/gnu/gcc/4.9.2/lib/gcc/x86_64-unknown-linux-gnu/4.9.2/../../../../lib64] ==> dir [/opt/pkg/compiler/gnu/gcc/4.9.2/lib/gcc/x86_64-unknown-linux-gnu/4.9.2/../../../../lib64]
    arg [-L/lib/x86_64-linux-gnu] ==> dir [/lib/x86_64-linux-gnu]
    arg [-L/lib/../lib64] ==> dir [/lib/../lib64]
    arg [-L/usr/lib/x86_64-linux-gnu] ==> dir [/usr/lib/x86_64-linux-gnu]
    arg [-L/usr/lib/../lib64] ==> dir [/usr/lib/../lib64]
    arg [-L/opt/pkg/compiler/gnu/gcc/4.9.2/lib64] ==> dir [/opt/pkg/compiler/gnu/gcc/4.9.2/lib64]
    arg [-L/opt/pkg/devel/cuda/7.5/lib64] ==> dir [/opt/pkg/devel/cuda/7.5/lib64]
    arg [-L/opt/pkg/devel/cuda/7.5/lib] ==> dir [/opt/pkg/devel/cuda/7.5/lib]
    arg [-L/opt/pkg/devel/cuda/7.5/lib64] ==> dir [/opt/pkg/devel/cuda/7.5/lib64]
    arg [-L/opt/pkg/compiler/gnu/gcc/4.9.2/lib/gcc/x86_64-unknown-linux-gnu/4.9.2/../../..] ==> dir [/opt/pkg/compiler/gnu/gcc/4.9.2/lib/gcc/x86_64-unknown-linux-gnu/4.9.2/../../..]
    arg [CMakeFiles/cmTC_4904d.dir/CMakeCXXCompilerABI.cpp.o] ==> ignore
    arg [-lstdc++] ==> lib [stdc++]
    arg [-lm] ==> lib [m]
    arg [-lgcc_s] ==> lib [gcc_s]
    arg [-lgcc] ==> lib [gcc]
    arg [-lc] ==> lib [c]
    arg [-lgcc_s] ==> lib [gcc_s]
    arg [-lgcc] ==> lib [gcc]
    arg [/opt/pkg/compiler/gnu/gcc/4.9.2/lib/gcc/x86_64-unknown-linux-gnu/4.9.2/crtend.o] ==> ignore
    arg [/usr/lib/x86_64-linux-gnu/crtn.o] ==> ignore
  remove lib [gcc_s]
  remove lib [gcc]
  remove lib [gcc_s]
  remove lib [gcc]
  collapse library dir [/opt/pkg/compiler/gnu/gcc/4.9.2/lib64/../lib64] ==> [/opt/pkg/compiler/gnu/gcc/4.9.2/lib64]
  collapse library dir [/opt/pkg/devel/cuda/7.5/lib64/../lib64] ==> [/opt/pkg/devel/cuda/7.5/lib64]
  collapse library dir [/opt/pkg/devel/cuda/7.5/lib/../lib64] ==> [/opt/pkg/devel/cuda/7.5/lib64]
  collapse library dir [/opt/pkg/devel/cuda/7.5/lib64/../lib64] ==> [/opt/pkg/devel/cuda/7.5/lib64]
  collapse library dir [/opt/pkg/compiler/gnu/gcc/4.9.2/lib/gcc/x86_64-unknown-linux-gnu/4.9.2] ==> [/opt/pkg/compiler/gnu/gcc/4.9.2/lib/gcc/x86_64-unknown-linux-gnu/4.9.2]
  collapse library dir [/opt/pkg/compiler/gnu/gcc/4.9.2/lib/gcc/x86_64-unknown-linux-gnu/4.9.2/../../../../lib64] ==> [/opt/pkg/compiler/gnu/gcc/4.9.2/lib64]
  collapse library dir [/lib/x86_64-linux-gnu] ==> [/lib/x86_64-linux-gnu]
  collapse library dir [/lib/../lib64] ==> [/lib64]
  collapse library dir [/usr/lib/x86_64-linux-gnu] ==> [/usr/lib/x86_64-linux-gnu]
  collapse library dir [/usr/lib/../lib64] ==> [/usr/lib64]
  collapse library dir [/opt/pkg/compiler/gnu/gcc/4.9.2/lib64] ==> [/opt/pkg/compiler/gnu/gcc/4.9.2/lib64]
  collapse library dir [/opt/pkg/devel/cuda/7.5/lib64] ==> [/opt/pkg/devel/cuda/7.5/lib64]
  collapse library dir [/opt/pkg/devel/cuda/7.5/lib] ==> [/opt/pkg/devel/cuda/7.5/lib]
  collapse library dir [/opt/pkg/devel/cuda/7.5/lib64] ==> [/opt/pkg/devel/cuda/7.5/lib64]
  collapse library dir [/opt/pkg/compiler/gnu/gcc/4.9.2/lib/gcc/x86_64-unknown-linux-gnu/4.9.2/../../..] ==> [/opt/pkg/compiler/gnu/gcc/4.9.2/lib]
  implicit libs: [stdc++;m;c]
  implicit dirs: [/opt/pkg/compiler/gnu/gcc/4.9.2/lib64;/opt/pkg/devel/cuda/7.5/lib64;/opt/pkg/compiler/gnu/gcc/4.9.2/lib/gcc/x86_64-unknown-linux-gnu/4.9.2;/lib/x86_64-linux-gnu;/lib64;/usr/lib/x86_64-linux-gnu;/usr/lib64;/opt/pkg/devel/cuda/7.5/lib;/opt/pkg/compiler/gnu/gcc/4.9.2/lib]
  implicit fwks: []




Detecting CXX [-std=c++14] compiler features compiled with the following output:
Change Dir: /home/ridder90/cupla/example/CUDASamples/vectorAdd/build/CMakeFiles/CMakeTmp

Run Build Command:"/usr/bin/make" "cmTC_a80b9/fast"
/usr/bin/make -f CMakeFiles/cmTC_a80b9.dir/build.make CMakeFiles/cmTC_a80b9.dir/build
make[1]: Verzeichnis »/data/home/ridder90/cupla/example/CUDASamples/vectorAdd/build/CMakeFiles/CMakeTmp« wird betreten
Building CXX object CMakeFiles/cmTC_a80b9.dir/feature_tests.cxx.o
/opt/pkg/compiler/gnu/gcc/4.9.2/bin/g++-4.9.2    -g0 -O3 -m64     -std=c++14 -o CMakeFiles/cmTC_a80b9.dir/feature_tests.cxx.o -c /home/ridder90/cupla/example/CUDASamples/vectorAdd/build/CMakeFiles/feature_tests.cxx
Linking CXX executable cmTC_a80b9
/opt/pkg/devel/cmake/3.3.0/bin/cmake -E cmake_link_script CMakeFiles/cmTC_a80b9.dir/link.txt --verbose=1
/opt/pkg/compiler/gnu/gcc/4.9.2/bin/g++-4.9.2   -g0 -O3 -m64      CMakeFiles/cmTC_a80b9.dir/feature_tests.cxx.o  -o cmTC_a80b9 -rdynamic 
make[1]: Verzeichnis »/data/home/ridder90/cupla/example/CUDASamples/vectorAdd/build/CMakeFiles/CMakeTmp« wird verlassen


    Feature record: CXX_FEATURE:0cxx_aggregate_default_initializers
    Feature record: CXX_FEATURE:1cxx_alias_templates
    Feature record: CXX_FEATURE:1cxx_alignas
    Feature record: CXX_FEATURE:1cxx_alignof
    Feature record: CXX_FEATURE:1cxx_attributes
    Feature record: CXX_FEATURE:1cxx_attribute_deprecated
    Feature record: CXX_FEATURE:1cxx_auto_type
    Feature record: CXX_FEATURE:1cxx_binary_literals
    Feature record: CXX_FEATURE:1cxx_constexpr
    Feature record: CXX_FEATURE:1cxx_contextual_conversions
    Feature record: CXX_FEATURE:1cxx_decltype
    Feature record: CXX_FEATURE:1cxx_decltype_auto
    Feature record: CXX_FEATURE:1cxx_decltype_incomplete_return_types
    Feature record: CXX_FEATURE:1cxx_default_function_template_args
    Feature record: CXX_FEATURE:1cxx_defaulted_functions
    Feature record: CXX_FEATURE:1cxx_defaulted_move_initializers
    Feature record: CXX_FEATURE:1cxx_delegating_constructors
    Feature record: CXX_FEATURE:1cxx_deleted_functions
    Feature record: CXX_FEATURE:1cxx_digit_separators
    Feature record: CXX_FEATURE:1cxx_enum_forward_declarations
    Feature record: CXX_FEATURE:1cxx_explicit_conversions
    Feature record: CXX_FEATURE:1cxx_extended_friend_declarations
    Feature record: CXX_FEATURE:1cxx_extern_templates
    Feature record: CXX_FEATURE:1cxx_final
    Feature record: CXX_FEATURE:1cxx_func_identifier
    Feature record: CXX_FEATURE:1cxx_generalized_initializers
    Feature record: CXX_FEATURE:1cxx_generic_lambdas
    Feature record: CXX_FEATURE:1cxx_inheriting_constructors
    Feature record: CXX_FEATURE:1cxx_inline_namespaces
    Feature record: CXX_FEATURE:1cxx_lambdas
    Feature record: CXX_FEATURE:1cxx_lambda_init_captures
    Feature record: CXX_FEATURE:1cxx_local_type_template_args
    Feature record: CXX_FEATURE:1cxx_long_long_type
    Feature record: CXX_FEATURE:1cxx_noexcept
    Feature record: CXX_FEATURE:1cxx_nonstatic_member_init
    Feature record: CXX_FEATURE:1cxx_nullptr
    Feature record: CXX_FEATURE:1cxx_override
    Feature record: CXX_FEATURE:1cxx_range_for
    Feature record: CXX_FEATURE:1cxx_raw_string_literals
    Feature record: CXX_FEATURE:1cxx_reference_qualified_functions
    Feature record: CXX_FEATURE:0cxx_relaxed_constexpr
    Feature record: CXX_FEATURE:1cxx_return_type_deduction
    Feature record: CXX_FEATURE:1cxx_right_angle_brackets
    Feature record: CXX_FEATURE:1cxx_rvalue_references
    Feature record: CXX_FEATURE:1cxx_sizeof_member
    Feature record: CXX_FEATURE:1cxx_static_assert
    Feature record: CXX_FEATURE:1cxx_strong_enums
    Feature record: CXX_FEATURE:1cxx_template_template_parameters
    Feature record: CXX_FEATURE:1cxx_thread_local
    Feature record: CXX_FEATURE:1cxx_trailing_return_types
    Feature record: CXX_FEATURE:1cxx_unicode_literals
    Feature record: CXX_FEATURE:1cxx_uniform_initialization
    Feature record: CXX_FEATURE:1cxx_unrestricted_unions
    Feature record: CXX_FEATURE:1cxx_user_literals
    Feature record: CXX_FEATURE:0cxx_variable_templates
    Feature record: CXX_FEATURE:1cxx_variadic_macros
    Feature record: CXX_FEATURE:1cxx_variadic_templates


Detecting CXX [-std=c++11] compiler features compiled with the following output:
Change Dir: /home/ridder90/cupla/example/CUDASamples/vectorAdd/build/CMakeFiles/CMakeTmp

Run Build Command:"/usr/bin/make" "cmTC_3e69b/fast"
/usr/bin/make -f CMakeFiles/cmTC_3e69b.dir/build.make CMakeFiles/cmTC_3e69b.dir/build
make[1]: Verzeichnis »/data/home/ridder90/cupla/example/CUDASamples/vectorAdd/build/CMakeFiles/CMakeTmp« wird betreten
Building CXX object CMakeFiles/cmTC_3e69b.dir/feature_tests.cxx.o
/opt/pkg/compiler/gnu/gcc/4.9.2/bin/g++-4.9.2    -g0 -O3 -m64     -std=c++11 -o CMakeFiles/cmTC_3e69b.dir/feature_tests.cxx.o -c /home/ridder90/cupla/example/CUDASamples/vectorAdd/build/CMakeFiles/feature_tests.cxx
Linking CXX executable cmTC_3e69b
/opt/pkg/devel/cmake/3.3.0/bin/cmake -E cmake_link_script CMakeFiles/cmTC_3e69b.dir/link.txt --verbose=1
/opt/pkg/compiler/gnu/gcc/4.9.2/bin/g++-4.9.2   -g0 -O3 -m64      CMakeFiles/cmTC_3e69b.dir/feature_tests.cxx.o  -o cmTC_3e69b -rdynamic 
make[1]: Verzeichnis »/data/home/ridder90/cupla/example/CUDASamples/vectorAdd/build/CMakeFiles/CMakeTmp« wird verlassen


    Feature record: CXX_FEATURE:0cxx_aggregate_default_initializers
    Feature record: CXX_FEATURE:1cxx_alias_templates
    Feature record: CXX_FEATURE:1cxx_alignas
    Feature record: CXX_FEATURE:1cxx_alignof
    Feature record: CXX_FEATURE:1cxx_attributes
    Feature record: CXX_FEATURE:0cxx_attribute_deprecated
    Feature record: CXX_FEATURE:1cxx_auto_type
    Feature record: CXX_FEATURE:0cxx_binary_literals
    Feature record: CXX_FEATURE:1cxx_constexpr
    Feature record: CXX_FEATURE:0cxx_contextual_conversions
    Feature record: CXX_FEATURE:1cxx_decltype
    Feature record: CXX_FEATURE:0cxx_decltype_auto
    Feature record: CXX_FEATURE:1cxx_decltype_incomplete_return_types
    Feature record: CXX_FEATURE:1cxx_default_function_template_args
    Feature record: CXX_FEATURE:1cxx_defaulted_functions
    Feature record: CXX_FEATURE:1cxx_defaulted_move_initializers
    Feature record: CXX_FEATURE:1cxx_delegating_constructors
    Feature record: CXX_FEATURE:1cxx_deleted_functions
    Feature record: CXX_FEATURE:0cxx_digit_separators
    Feature record: CXX_FEATURE:1cxx_enum_forward_declarations
    Feature record: CXX_FEATURE:1cxx_explicit_conversions
    Feature record: CXX_FEATURE:1cxx_extended_friend_declarations
    Feature record: CXX_FEATURE:1cxx_extern_templates
    Feature record: CXX_FEATURE:1cxx_final
    Feature record: CXX_FEATURE:1cxx_func_identifier
    Feature record: CXX_FEATURE:1cxx_generalized_initializers
    Feature record: CXX_FEATURE:0cxx_generic_lambdas
    Feature record: CXX_FEATURE:1cxx_inheriting_constructors
    Feature record: CXX_FEATURE:1cxx_inline_namespaces
    Feature record: CXX_FEATURE:1cxx_lambdas
    Feature record: CXX_FEATURE:0cxx_lambda_init_captures
    Feature record: CXX_FEATURE:1cxx_local_type_template_args
    Feature record: CXX_FEATURE:1cxx_long_long_type
    Feature record: CXX_FEATURE:1cxx_noexcept
    Feature record: CXX_FEATURE:1cxx_nonstatic_member_init
    Feature record: CXX_FEATURE:1cxx_nullptr
    Feature record: CXX_FEATURE:1cxx_override
    Feature record: CXX_FEATURE:1cxx_range_for
    Feature record: CXX_FEATURE:1cxx_raw_string_literals
    Feature record: CXX_FEATURE:1cxx_reference_qualified_functions
    Feature record: CXX_FEATURE:0cxx_relaxed_constexpr
    Feature record: CXX_FEATURE:0cxx_return_type_deduction
    Feature record: CXX_FEATURE:1cxx_right_angle_brackets
    Feature record: CXX_FEATURE:1cxx_rvalue_references
    Feature record: CXX_FEATURE:1cxx_sizeof_member
    Feature record: CXX_FEATURE:1cxx_static_assert
    Feature record: CXX_FEATURE:1cxx_strong_enums
    Feature record: CXX_FEATURE:1cxx_template_template_parameters
    Feature record: CXX_FEATURE:1cxx_thread_local
    Feature record: CXX_FEATURE:1cxx_trailing_return_types
    Feature record: CXX_FEATURE:1cxx_unicode_literals
    Feature record: CXX_FEATURE:1cxx_uniform_initialization
    Feature record: CXX_FEATURE:1cxx_unrestricted_unions
    Feature record: CXX_FEATURE:1cxx_user_literals
    Feature record: CXX_FEATURE:0cxx_variable_templates
    Feature record: CXX_FEATURE:1cxx_variadic_macros
    Feature record: CXX_FEATURE:1cxx_variadic_templates


Detecting CXX [-std=c++98] compiler features compiled with the following output:
Change Dir: /home/ridder90/cupla/example/CUDASamples/vectorAdd/build/CMakeFiles/CMakeTmp

Run Build Command:"/usr/bin/make" "cmTC_bb9b8/fast"
/usr/bin/make -f CMakeFiles/cmTC_bb9b8.dir/build.make CMakeFiles/cmTC_bb9b8.dir/build
make[1]: Verzeichnis »/data/home/ridder90/cupla/example/CUDASamples/vectorAdd/build/CMakeFiles/CMakeTmp« wird betreten
Building CXX object CMakeFiles/cmTC_bb9b8.dir/feature_tests.cxx.o
/opt/pkg/compiler/gnu/gcc/4.9.2/bin/g++-4.9.2    -g0 -O3 -m64     -std=c++98 -o CMakeFiles/cmTC_bb9b8.dir/feature_tests.cxx.o -c /home/ridder90/cupla/example/CUDASamples/vectorAdd/build/CMakeFiles/feature_tests.cxx
Linking CXX executable cmTC_bb9b8
/opt/pkg/devel/cmake/3.3.0/bin/cmake -E cmake_link_script CMakeFiles/cmTC_bb9b8.dir/link.txt --verbose=1
/opt/pkg/compiler/gnu/gcc/4.9.2/bin/g++-4.9.2   -g0 -O3 -m64      CMakeFiles/cmTC_bb9b8.dir/feature_tests.cxx.o  -o cmTC_bb9b8 -rdynamic 
make[1]: Verzeichnis »/data/home/ridder90/cupla/example/CUDASamples/vectorAdd/build/CMakeFiles/CMakeTmp« wird verlassen


    Feature record: CXX_FEATURE:0cxx_aggregate_default_initializers
    Feature record: CXX_FEATURE:0cxx_alias_templates
    Feature record: CXX_FEATURE:0cxx_alignas
    Feature record: CXX_FEATURE:0cxx_alignof
    Feature record: CXX_FEATURE:0cxx_attributes
    Feature record: CXX_FEATURE:0cxx_attribute_deprecated
    Feature record: CXX_FEATURE:0cxx_auto_type
    Feature record: CXX_FEATURE:0cxx_binary_literals
    Feature record: CXX_FEATURE:0cxx_constexpr
    Feature record: CXX_FEATURE:0cxx_contextual_conversions
    Feature record: CXX_FEATURE:0cxx_decltype
    Feature record: CXX_FEATURE:0cxx_decltype_auto
    Feature record: CXX_FEATURE:0cxx_decltype_incomplete_return_types
    Feature record: CXX_FEATURE:0cxx_default_function_template_args
    Feature record: CXX_FEATURE:0cxx_defaulted_functions
    Feature record: CXX_FEATURE:0cxx_defaulted_move_initializers
    Feature record: CXX_FEATURE:0cxx_delegating_constructors
    Feature record: CXX_FEATURE:0cxx_deleted_functions
    Feature record: CXX_FEATURE:0cxx_digit_separators
    Feature record: CXX_FEATURE:0cxx_enum_forward_declarations
    Feature record: CXX_FEATURE:0cxx_explicit_conversions
    Feature record: CXX_FEATURE:0cxx_extended_friend_declarations
    Feature record: CXX_FEATURE:0cxx_extern_templates
    Feature record: CXX_FEATURE:0cxx_final
    Feature record: CXX_FEATURE:0cxx_func_identifier
    Feature record: CXX_FEATURE:0cxx_generalized_initializers
    Feature record: CXX_FEATURE:0cxx_generic_lambdas
    Feature record: CXX_FEATURE:0cxx_inheriting_constructors
    Feature record: CXX_FEATURE:0cxx_inline_namespaces
    Feature record: CXX_FEATURE:0cxx_lambdas
    Feature record: CXX_FEATURE:0cxx_lambda_init_captures
    Feature record: CXX_FEATURE:0cxx_local_type_template_args
    Feature record: CXX_FEATURE:0cxx_long_long_type
    Feature record: CXX_FEATURE:0cxx_noexcept
    Feature record: CXX_FEATURE:0cxx_nonstatic_member_init
    Feature record: CXX_FEATURE:0cxx_nullptr
    Feature record: CXX_FEATURE:0cxx_override
    Feature record: CXX_FEATURE:0cxx_range_for
    Feature record: CXX_FEATURE:0cxx_raw_string_literals
    Feature record: CXX_FEATURE:0cxx_reference_qualified_functions
    Feature record: CXX_FEATURE:0cxx_relaxed_constexpr
    Feature record: CXX_FEATURE:0cxx_return_type_deduction
    Feature record: CXX_FEATURE:0cxx_right_angle_brackets
    Feature record: CXX_FEATURE:0cxx_rvalue_references
    Feature record: CXX_FEATURE:0cxx_sizeof_member
    Feature record: CXX_FEATURE:0cxx_static_assert
    Feature record: CXX_FEATURE:0cxx_strong_enums
    Feature record: CXX_FEATURE:1cxx_template_template_parameters
    Feature record: CXX_FEATURE:0cxx_thread_local
    Feature record: CXX_FEATURE:0cxx_trailing_return_types
    Feature record: CXX_FEATURE:0cxx_unicode_literals
    Feature record: CXX_FEATURE:0cxx_uniform_initialization
    Feature record: CXX_FEATURE:0cxx_unrestricted_unions
    Feature record: CXX_FEATURE:0cxx_user_literals
    Feature record: CXX_FEATURE:0cxx_variable_templates
    Feature record: CXX_FEATURE:0cxx_variadic_macros
    Feature record: CXX_FEATURE:0cxx_variadic_templates
Determining if files pthread.h exist passed with the following output:
Change Dir: /home/ridder90/cupla/example/CUDASamples/vectorAdd/build/CMakeFiles/CMakeTmp

Run Build Command:"/usr/bin/make" "cmTC_c5107/fast"
/usr/bin/make -f CMakeFiles/cmTC_c5107.dir/build.make CMakeFiles/cmTC_c5107.dir/build
make[1]: Verzeichnis »/data/home/ridder90/cupla/example/CUDASamples/vectorAdd/build/CMakeFiles/CMakeTmp« wird betreten
Building C object CMakeFiles/cmTC_c5107.dir/CheckIncludeFiles.c.o
/opt/pkg/compiler/gnu/gcc/4.9.2/bin/gcc-4.9.2   -fPIC    -o CMakeFiles/cmTC_c5107.dir/CheckIncludeFiles.c.o   -c /home/ridder90/cupla/example/CUDASamples/vectorAdd/build/CMakeFiles/CMakeTmp/CheckIncludeFiles.c
Linking C executable cmTC_c5107
/opt/pkg/devel/cmake/3.3.0/bin/cmake -E cmake_link_script CMakeFiles/cmTC_c5107.dir/link.txt --verbose=1
/opt/pkg/compiler/gnu/gcc/4.9.2/bin/gcc-4.9.2  -fPIC     CMakeFiles/cmTC_c5107.dir/CheckIncludeFiles.c.o  -o cmTC_c5107 -rdynamic 
make[1]: Verzeichnis »/data/home/ridder90/cupla/example/CUDASamples/vectorAdd/build/CMakeFiles/CMakeTmp« wird verlassen


Determining if the function pthread_create exists in the pthread passed with the following output:
Change Dir: /home/ridder90/cupla/example/CUDASamples/vectorAdd/build/CMakeFiles/CMakeTmp

Run Build Command:"/usr/bin/make" "cmTC_3210a/fast"
/usr/bin/make -f CMakeFiles/cmTC_3210a.dir/build.make CMakeFiles/cmTC_3210a.dir/build
make[1]: Verzeichnis »/data/home/ridder90/cupla/example/CUDASamples/vectorAdd/build/CMakeFiles/CMakeTmp« wird betreten
Building C object CMakeFiles/cmTC_3210a.dir/CheckFunctionExists.c.o
/opt/pkg/compiler/gnu/gcc/4.9.2/bin/gcc-4.9.2   -fPIC -DCHECK_FUNCTION_EXISTS=pthread_create   -o CMakeFiles/cmTC_3210a.dir/CheckFunctionExists.c.o   -c /opt/pkg/devel/cmake/3.3.0/share/cmake-3.3/Modules/CheckFunctionExists.c
Linking C executable cmTC_3210a
/opt/pkg/devel/cmake/3.3.0/bin/cmake -E cmake_link_script CMakeFiles/cmTC_3210a.dir/link.txt --verbose=1
/opt/pkg/compiler/gnu/gcc/4.9.2/bin/gcc-4.9.2  -fPIC -DCHECK_FUNCTION_EXISTS=pthread_create    CMakeFiles/cmTC_3210a.dir/CheckFunctionExists.c.o  -o cmTC_3210a -rdynamic -lpthread 
make[1]: Verzeichnis »/data/home/ridder90/cupla/example/CUDASamples/vectorAdd/build/CMakeFiles/CMakeTmp« wird verlassen


